<?xml version="1.0" encoding="UTF-8"?>
<!-- Generated by org.testng.reporters.JUnitXMLReporter -->
<testsuite ignored="2" hostname="manasa" failures="0" tests="1" name="regression Test" time="3.623" errors="0" timestamp="2024-04-18T18:09:36 IST">
  <testcase classname="testcase.BasicProjectValidation" name="PageTitle" time="0.01"/>
  <testcase classname="testcase.Base" name="@AfterTest afterTest" time="0.0">
    <ignored/>
  </testcase> <!-- @AfterTest afterTest -->
  <testcase classname="testcase.Base" name="@BeforeTest beforeTest" time="0.0">
    <ignored/>
  </testcase> <!-- @BeforeTest beforeTest -->
</testsuite> <!-- regression Test -->
