<?xml version="1.0" encoding="UTF-8"?>
<testng-results ignored="0" total="1" passed="1" failed="0" skipped="0">
  <reporter-output>
  </reporter-output>
  <suite started-at="2024-04-18T18:09:32 IST" name="All Test Suite" finished-at="2024-04-18T18:09:36 IST" duration-ms="3623">
    <groups>
    </groups>
    <test started-at="2024-04-18T18:09:32 IST" name="regression Test" finished-at="2024-04-18T18:09:36 IST" duration-ms="3623">
      <class name="testcase.BasicProjectValidation">
        <test-method signature="PageTitle()[pri:0, instance:testcase.BasicProjectValidation@29215f06]" started-at="2024-04-18T18:09:36 IST" name="PageTitle" finished-at="2024-04-18T18:09:36 IST" duration-ms="10" status="PASS">
          <reporter-output>
          </reporter-output>
        </test-method> <!-- PageTitle -->
      </class> <!-- testcase.BasicProjectValidation -->
      <class name="testcase.Base">
        <test-method is-config="true" signature="beforeTest()[pri:0, instance:testcase.Base@957e06]" started-at="2024-04-18T18:09:32 IST" name="beforeTest" finished-at="2024-04-18T18:09:36 IST" duration-ms="3439" status="PASS">
          <reporter-output>
          </reporter-output>
        </test-method> <!-- beforeTest -->
        <test-method is-config="true" signature="afterTest()[pri:0, instance:testcase.Base@957e06]" started-at="2024-04-18T18:09:36 IST" name="afterTest" finished-at="2024-04-18T18:09:36 IST" duration-ms="122" status="PASS">
          <reporter-output>
          </reporter-output>
        </test-method> <!-- afterTest -->
      </class> <!-- testcase.Base -->
    </test> <!-- regression Test -->
  </suite> <!-- All Test Suite -->
</testng-results>
